{"numFailedTestSuites":0,"numFailedTests":0,"numPassedTestSuites":1,"numPassedTests":1,"numPendingTestSuites":0,"numPendingTests":0,"numRuntimeErrorTestSuites":0,"numTodoTests":0,"numTotalTestSuites":1,"numTotalTests":1,"openHandles":[],"snapshot":{"added":0,"didUpdate":false,"failure":false,"filesAdded":0,"filesRemoved":0,"filesRemovedList":[],"filesUnmatched":0,"filesUpdated":0,"matched":1,"total":1,"unchecked":0,"uncheckedKeysByFile":[],"unmatched":0,"updated":0},"startTime":1622292816785,"success":true,"testResults":[{"assertionResults":[{"ancestorTitles":["Counter"],"failureMessages":[],"fullName":"Counter snapshot renders","location":null,"status":"passed","title":"snapshot renders"}],"endTime":1622292827059,"message":"","name":"C:\\Users\\Nitish Jha\\Desktop\\NitishJha\\src\\App.test.js","startTime":1622292817578,"status":"passed","summary":""}],"wasInterrupted":false,"coverageMap":{"C:\\Users\\Nitish Jha\\Desktop\\NitishJha\\src\\App.jsx":{"path":"C:\\Users\\Nitish Jha\\Desktop\\NitishJha\\src\\App.jsx","statementMap":{"0":{"start":{"line":3,"column":12},"end":{"line":9,"column":1}},"1":{"start":{"line":4,"column":1},"end":{"line":8,"column":3}}},"fnMap":{"0":{"name":"(anonymous_0)","decl":{"start":{"line":3,"column":12},"end":{"line":3,"column":13}},"loc":{"start":{"line":3,"column":18},"end":{"line":9,"column":1}},"line":3}},"branchMap":{},"s":{"0":1,"1":1},"f":{"0":1},"b":{},"_coverageSchema":"1a1c01bbd47fc00a2c39e90264f33305004495a9","hash":"0806661337e85b7e20d4b36b7e4b63e51cf7dd35"}}}